<?xml version="1.0" encoding="UTF-8"?>
<!-- Generated by org.testng.reporters.JUnitReportReporter -->
<testsuite hostname="LAPTOP-UK6M7KPC" failures="0" tests="1" name="quote.auto.AutoQuoteParameterized" time="20.988" errors="0" timestamp="2023-10-03T14:38:28 EDT" skipped="0">
  <testcase classname="quote.auto.AutoQuoteParameterized" name="AutoQuoteParameterized" time="20.988">
    <system-out>
      <![CDATA[[[EdgeDriver: msedge on windows (fb27b85408c2549b62a6cc3d3477775e)] -> xpath: //div[text()='Welcome to AAA Northeast']] ---> Actual text : Welcome to AAA Northeast. Expected text : Welcome to AAA Northeast<br>
[[EdgeDriver: msedge on windows (fb27b85408c2549b62a6cc3d3477775e)] -> xpath: //input[@id='zipcodeInput']]-----> Clicked<br>
[[EdgeDriver: msedge on windows (fb27b85408c2549b62a6cc3d3477775e)] -> id: zipcodeSubmit]-----> Clicked<br>
[[EdgeDriver: msedge on windows (fb27b85408c2549b62a6cc3d3477775e)] -> xpath: //input[@id='zipcodeInput']]-----> Input value:113ab<br>
[[EdgeDriver: msedge on windows (fb27b85408c2549b62a6cc3d3477775e)] -> id: zipcodeSubmit]-----> Clicked<br>
[[EdgeDriver: msedge on windows (fb27b85408c2549b62a6cc3d3477775e)] -> xpath: //input[@id='zipcodeInput']]-------------Cleared<br>
[[EdgeDriver: msedge on windows (fb27b85408c2549b62a6cc3d3477775e)] -> xpath: //input[@id='zipcodeInput']]-----> Input value:11355<br>
[[EdgeDriver: msedge on windows (fb27b85408c2549b62a6cc3d3477775e)] -> id: zipcodeSubmit]-----> Clicked<br>]]>
    </system-out>
  </testcase> <!-- AutoQuoteParameterized -->
  <system-out>
    <![CDATA[[[EdgeDriver: msedge on windows (fb27b85408c2549b62a6cc3d3477775e)] -> xpath: //div[text()='Welcome to AAA Northeast']] ---> Actual text : Welcome to AAA Northeast. Expected text : Welcome to AAA Northeast<br>
[[EdgeDriver: msedge on windows (fb27b85408c2549b62a6cc3d3477775e)] -> xpath: //input[@id='zipcodeInput']]-----> Clicked<br>
[[EdgeDriver: msedge on windows (fb27b85408c2549b62a6cc3d3477775e)] -> id: zipcodeSubmit]-----> Clicked<br>
[[EdgeDriver: msedge on windows (fb27b85408c2549b62a6cc3d3477775e)] -> xpath: //input[@id='zipcodeInput']]-----> Input value:113ab<br>
[[EdgeDriver: msedge on windows (fb27b85408c2549b62a6cc3d3477775e)] -> id: zipcodeSubmit]-----> Clicked<br>
[[EdgeDriver: msedge on windows (fb27b85408c2549b62a6cc3d3477775e)] -> xpath: //input[@id='zipcodeInput']]-------------Cleared<br>
[[EdgeDriver: msedge on windows (fb27b85408c2549b62a6cc3d3477775e)] -> xpath: //input[@id='zipcodeInput']]-----> Input value:11355<br>
[[EdgeDriver: msedge on windows (fb27b85408c2549b62a6cc3d3477775e)] -> id: zipcodeSubmit]-----> Clicked<br>]]>
  </system-out>
</testsuite> <!-- quote.auto.AutoQuoteParameterized -->
