<?xml version="1.0" encoding="UTF-8"?>
<!-- Generated by org.testng.reporters.JUnitReportReporter -->
<testsuite hostname="LAPTOP-UK6M7KPC" failures="0" tests="3" name="costco.self.care.SelfCareCheckoutTest" time="5.993" errors="0" timestamp="2023-10-03T15:57:26 EDT" skipped="2">
  <testcase classname="costco.self.care.SelfCareCheckoutTest" name="costcoListTest" time="5.993">
    <system-out>
      <![CDATA[Hovering on ---> [[EdgeDriver: msedge on windows (e37f5c116974afe77cbc6f699c95a87f)] -> xpath: //a[@id='Home_Ancillary_6']]<br>
Service List:Insurance<br>
Service List:Home<br>
Service List:Auto<br>
Service List:Business<br>
Service List:Home Improvement<br>]]>
    </system-out>
  </testcase> <!-- costcoListTest -->
  <testcase classname="costco.self.care.SelfCareCheckoutTest" name="scroll_down_test">
    <skipped/>
  </testcase> <!-- scroll_down_test -->
  <testcase classname="costco.self.care.SelfCareCheckoutTest" name="hover_over_test">
    <skipped/>
  </testcase> <!-- hover_over_test -->
  <system-out>
    <![CDATA[Hovering on ---> [[EdgeDriver: msedge on windows (e37f5c116974afe77cbc6f699c95a87f)] -> xpath: //a[@id='Home_Ancillary_6']]<br>
Service List:Insurance<br>
Service List:Home<br>
Service List:Auto<br>
Service List:Business<br>
Service List:Home Improvement<br>]]>
  </system-out>
</testsuite> <!-- costco.self.care.SelfCareCheckoutTest -->
