<?xml version="1.0" encoding="UTF-8"?>
<!-- Generated by org.testng.reporters.JUnitReportReporter -->
<testsuite hostname="LAPTOP-UK6M7KPC" failures="0" tests="1" name="unit.ReadFileTest" time="0.003" errors="0" timestamp="2023-09-24T15:25:50 EDT" skipped="0">
  <testcase classname="unit.ReadFileTest" name="readFileTest" time="0.003"/>
</testsuite> <!-- unit.ReadFileTest -->
